<?xml version="1.0" encoding="UTF-8"?>
<!-- Generated by org.testng.reporters.JUnitReportReporter -->
<testsuite hostname="WINDOWS-73URBFV" failures="0" tests="3" name="test_case.Test_1" time="77.240" errors="0" timestamp="2024-02-04T10:32:23 IST" skipped="0">
  <testcase classname="test_case.Test_1" name="accessibility" time="1.373"/>
  <system-out/>
  <testcase classname="test_case.Test_1" name="aformationORequestDemo" time="57.769"/>
  <system-out/>
  <testcase classname="test_case.Test_1" name="formSubmission" time="18.098"/>
  <system-out/>
</testsuite> <!-- test_case.Test_1 -->
